<html>
<head>
<title>TestNG:  FFTest</title>
<link href="../testng.css" rel="stylesheet" type="text/css" />
<link href="../my-testng.css" rel="stylesheet" type="text/css" />

<style type="text/css">
.log { display: none;} 
.stack-trace { display: none;} 
</style>
<script type="text/javascript">
<!--
function flip(e) {
  current = e.style.display;
  if (current == 'block') {
    e.style.display = 'none';
    return 0;
  }
  else {
    e.style.display = 'block';
    return 1;
  }
}

function toggleBox(szDivId, elem, msg1, msg2)
{
  var res = -1;  if (document.getElementById) {
    res = flip(document.getElementById(szDivId));
  }
  else if (document.all) {
    // this is the way old msie versions work
    res = flip(document.all[szDivId]);
  }
  if(elem) {
    if(res == 0) elem.innerHTML = msg1; else elem.innerHTML = msg2;
  }

}

function toggleAllBoxes() {
  if (document.getElementsByTagName) {
    d = document.getElementsByTagName('div');
    for (i = 0; i < d.length; i++) {
      if (d[i].className == 'log') {
        flip(d[i]);
      }
    }
  }
}

// -->
</script>

</head>
<body>
<h2 align='center'>FFTest</h2><table border='1' align="center">
<tr>
<td>Tests passed/Failed/Skipped:</td><td>5/6/0</td>
</tr><tr>
<td>Started on:</td><td>Thu Jun 30 18:21:31 IST 2016</td>
</tr>
<tr><td>Total time:</td><td>3252 seconds (3252215 ms)</td>
</tr><tr>
<td>Included groups:</td><td></td>
</tr><tr>
<td>Excluded groups:</td><td></td>
</tr>
</table><p/>
<small><i>(Hover the method name to see the test class name)</i></small><p/>
<table width='100%' border='1' class='invocation-failed'>
<tr><td colspan='4' align='center'><b>FAILED TESTS</b></td></tr>
<tr><td><b>Test method</b></td>
<td width="30%"><b>Exception</b></td>
<td width="10%"><b>Time (seconds)</b></td>
<td><b>Instance</b></td>
</tr>
<tr>
<td title='com.testhouse.TestScript.CustomerServices.customerServiceType2()'><b>customerServiceType2</b><br>Test class: com.testhouse.TestScript.CustomerServices<br>Parameters: {Address=DOVETAIL SERVICES 800 GUILLAT AVENUE KENT SCIENCE PARK, Title=Mr, SortCode=111111, Postcode=ME98GU, Card=Direct Debit, Brand=BBC SKY AT NIGHT, Firstname=Vish, AccNumber=11111111, PromotionName=PRO20-6, Username=vvijayakumar, AccHolderName=Vishnu, Client=IMMEDIATE MEDIA, Surname=Test, Password=Testhouse@123}<br/>
<a href="#Output-2078641942" onClick='toggleBox("Output-2078641942", this, "Show output", "Hide output");'>Show output</a>

<a href="#Output-2078641942" onClick="toggleAllBoxes();">Show all outputs</a>
<div class='log' id="Output-2078641942">
STEP7<br/>
STEP8<br/>
STEP9<br/>
</div>
</td>
<td><div><pre>[ATU Custom Reporter Step Failed Exception]
	at atu.testng.reports.listeners.ATUReportsListener.onTestSuccess(Unknown Source)
... Removed 21 stack frames</pre></div><a href='#' onClick='toggleBox("stack-trace2078641942", this, "Click to show all stack frames", "Click to hide stack frames")'>Click to show all stack frames</a>
<div class='stack-trace' id='stack-trace2078641942'><pre>[ATU Custom Reporter Step Failed Exception]
	at atu.testng.reports.listeners.ATUReportsListener.onTestSuccess(Unknown Source)
	at org.testng.internal.Invoker.runTestListeners(Invoker.java:1899)
	at org.testng.internal.Invoker.runTestListeners(Invoker.java:1879)
	at org.testng.internal.Invoker.invokeMethod(Invoker.java:778)
	at org.testng.internal.Invoker.invokeTestMethod(Invoker.java:901)
	at org.testng.internal.Invoker.invokeTestMethods(Invoker.java:1231)
	at org.testng.internal.TestMethodWorker.invokeTestMethods(TestMethodWorker.java:127)
	at org.testng.internal.TestMethodWorker.run(TestMethodWorker.java:111)
	at org.testng.TestRunner.privateRun(TestRunner.java:767)
	at org.testng.TestRunner.run(TestRunner.java:617)
	at org.testng.SuiteRunner.runTest(SuiteRunner.java:334)
	at org.testng.SuiteRunner.runSequentially(SuiteRunner.java:329)
	at org.testng.SuiteRunner.privateRun(SuiteRunner.java:291)
	at org.testng.SuiteRunner.run(SuiteRunner.java:240)
	at org.testng.SuiteRunnerWorker.runSuite(SuiteRunnerWorker.java:52)
	at org.testng.SuiteRunnerWorker.run(SuiteRunnerWorker.java:86)
	at org.testng.TestNG.runSuitesSequentially(TestNG.java:1224)
	at org.testng.TestNG.runSuitesLocally(TestNG.java:1149)
	at org.testng.TestNG.run(TestNG.java:1057)
	at org.testng.remote.RemoteTestNG.run(RemoteTestNG.java:111)
	at org.testng.remote.RemoteTestNG.initAndRun(RemoteTestNG.java:204)
	at org.testng.remote.RemoteTestNG.main(RemoteTestNG.java:175)
</pre></div></td>
<td>241</td>
<td>com.testhouse.TestScript.CustomerServices@42d3bd8b</td></tr>
<tr>
<td title='com.testhouse.TestScript.CustomerServices.customerServiceType3()'><b>customerServiceType3</b><br>Test class: com.testhouse.TestScript.CustomerServices<br>Parameters: {ExpiryDate=06, Address=DOVETAIL SERVICES 800 GUILLAT AVENUE KENT SCIENCE PARK, GTitle=Mr, Title=Mr, Postcode=ME98GU, GSurname=Test, GAddress=DOVETAIL SERVICES 800 GUILLAT AVENUE KENT SCIENCE PARK, Card=Credit card, GPostcode=ME98GU, Brand=BBC SKY AT NIGHT, Firstname=Vish, PromotionName=CCPROM20-6, Username=vvijayakumar, CustomerName=Vishnu, Client=IMMEDIATE MEDIA, Card1=4444333322221111, Surname=Test, GFirstname=Vish, ExpiryYear=2018, Password=Testhouse@123}<br/>
<a href="#Output-1622613647" onClick='toggleBox("Output-1622613647", this, "Show output", "Hide output");'>Show output</a>

<a href="#Output-1622613647" onClick="toggleAllBoxes();">Show all outputs</a>
<div class='log' id="Output-1622613647">
STEP10<br/>
STEP11<br/>
STEP12<br/>
</div>
</td>
<td><div><pre>[ATU Custom Reporter Step Failed Exception]
	at atu.testng.reports.listeners.ATUReportsListener.onTestSuccess(Unknown Source)
... Removed 21 stack frames</pre></div><a href='#' onClick='toggleBox("stack-trace1622613647", this, "Click to show all stack frames", "Click to hide stack frames")'>Click to show all stack frames</a>
<div class='stack-trace' id='stack-trace1622613647'><pre>[ATU Custom Reporter Step Failed Exception]
	at atu.testng.reports.listeners.ATUReportsListener.onTestSuccess(Unknown Source)
	at org.testng.internal.Invoker.runTestListeners(Invoker.java:1899)
	at org.testng.internal.Invoker.runTestListeners(Invoker.java:1879)
	at org.testng.internal.Invoker.invokeMethod(Invoker.java:778)
	at org.testng.internal.Invoker.invokeTestMethod(Invoker.java:901)
	at org.testng.internal.Invoker.invokeTestMethods(Invoker.java:1231)
	at org.testng.internal.TestMethodWorker.invokeTestMethods(TestMethodWorker.java:127)
	at org.testng.internal.TestMethodWorker.run(TestMethodWorker.java:111)
	at org.testng.TestRunner.privateRun(TestRunner.java:767)
	at org.testng.TestRunner.run(TestRunner.java:617)
	at org.testng.SuiteRunner.runTest(SuiteRunner.java:334)
	at org.testng.SuiteRunner.runSequentially(SuiteRunner.java:329)
	at org.testng.SuiteRunner.privateRun(SuiteRunner.java:291)
	at org.testng.SuiteRunner.run(SuiteRunner.java:240)
	at org.testng.SuiteRunnerWorker.runSuite(SuiteRunnerWorker.java:52)
	at org.testng.SuiteRunnerWorker.run(SuiteRunnerWorker.java:86)
	at org.testng.TestNG.runSuitesSequentially(TestNG.java:1224)
	at org.testng.TestNG.runSuitesLocally(TestNG.java:1149)
	at org.testng.TestNG.run(TestNG.java:1057)
	at org.testng.remote.RemoteTestNG.run(RemoteTestNG.java:111)
	at org.testng.remote.RemoteTestNG.initAndRun(RemoteTestNG.java:204)
	at org.testng.remote.RemoteTestNG.main(RemoteTestNG.java:175)
</pre></div></td>
<td>229</td>
<td>com.testhouse.TestScript.CustomerServices@42d3bd8b</td></tr>
<tr>
<td title='com.testhouse.TestScript.CustomerServices.customerServiceType5()'><b>customerServiceType5</b><br>Test class: com.testhouse.TestScript.CustomerServices<br>Parameters: {Address=DOVETAIL SERVICES 800 GUILLAT AVENUE KENT SCIENCE PARK, GTitle=Mr, Title=Mr, SortCode=111111, Postcode=ME98GU, GSurname=Test, GAddress=DOVETAIL SERVICES 800 GUILLAT AVENUE KENT SCIENCE PARK, Card=Direct Debit, GPostcode=ME98GU, Brand=BBC SKY AT NIGHT, Firstname=Vish, AccNumber=11111111, PromotionName=PRO20-6, Username=vvijayakumar, AccHolderName=Vishnu, Client=IMMEDIATE MEDIA, Surname=Test, GFirstname=Vish, Password=Testhouse@123}<br/>
<a href="#Output-1733619456" onClick='toggleBox("Output-1733619456", this, "Show output", "Hide output");'>Show output</a>

<a href="#Output-1733619456" onClick="toggleAllBoxes();">Show all outputs</a>
<div class='log' id="Output-1733619456">
STEP29<br/>
STEP30<br/>
STEP31<br/>
STEP32<br/>
</div>
</td>
<td><div><pre>[ATU Custom Reporter Step Failed Exception]
	at atu.testng.reports.listeners.ATUReportsListener.onTestSuccess(Unknown Source)
... Removed 21 stack frames</pre></div><a href='#' onClick='toggleBox("stack-trace1733619456", this, "Click to show all stack frames", "Click to hide stack frames")'>Click to show all stack frames</a>
<div class='stack-trace' id='stack-trace1733619456'><pre>[ATU Custom Reporter Step Failed Exception]
	at atu.testng.reports.listeners.ATUReportsListener.onTestSuccess(Unknown Source)
	at org.testng.internal.Invoker.runTestListeners(Invoker.java:1899)
	at org.testng.internal.Invoker.runTestListeners(Invoker.java:1879)
	at org.testng.internal.Invoker.invokeMethod(Invoker.java:778)
	at org.testng.internal.Invoker.invokeTestMethod(Invoker.java:901)
	at org.testng.internal.Invoker.invokeTestMethods(Invoker.java:1231)
	at org.testng.internal.TestMethodWorker.invokeTestMethods(TestMethodWorker.java:127)
	at org.testng.internal.TestMethodWorker.run(TestMethodWorker.java:111)
	at org.testng.TestRunner.privateRun(TestRunner.java:767)
	at org.testng.TestRunner.run(TestRunner.java:617)
	at org.testng.SuiteRunner.runTest(SuiteRunner.java:334)
	at org.testng.SuiteRunner.runSequentially(SuiteRunner.java:329)
	at org.testng.SuiteRunner.privateRun(SuiteRunner.java:291)
	at org.testng.SuiteRunner.run(SuiteRunner.java:240)
	at org.testng.SuiteRunnerWorker.runSuite(SuiteRunnerWorker.java:52)
	at org.testng.SuiteRunnerWorker.run(SuiteRunnerWorker.java:86)
	at org.testng.TestNG.runSuitesSequentially(TestNG.java:1224)
	at org.testng.TestNG.runSuitesLocally(TestNG.java:1149)
	at org.testng.TestNG.run(TestNG.java:1057)
	at org.testng.remote.RemoteTestNG.run(RemoteTestNG.java:111)
	at org.testng.remote.RemoteTestNG.initAndRun(RemoteTestNG.java:204)
	at org.testng.remote.RemoteTestNG.main(RemoteTestNG.java:175)
</pre></div></td>
<td>394</td>
<td>com.testhouse.TestScript.CustomerServices@42d3bd8b</td></tr>
<tr>
<td title='com.testhouse.TestScript.CustomerServices.customerServiceType6()'><b>customerServiceType6</b><br>Test class: com.testhouse.TestScript.CustomerServices<br>Parameters: {Brand=BBC SKY AT NIGHT, Firstname=Vish, PromotionName=FREEPRO20-6, Address=DOVETAIL SERVICES 800 GUILLAT AVENUE KENT SCIENCE PARK, Username=vvijayakumar, Title=Mr, Client=IMMEDIATE MEDIA, Surname=Test, Postcode=ME98GU, Password=Testhouse@123, Card=Free}<br/>
<a href="#Output-167693809" onClick='toggleBox("Output-167693809", this, "Show output", "Hide output");'>Show output</a>

<a href="#Output-167693809" onClick="toggleAllBoxes();">Show all outputs</a>
<div class='log' id="Output-167693809">
STEP33<br/>
STEP34<br/>
STEP35<br/>
STEP36<br/>
</div>
</td>
<td><div><pre>[ATU Custom Reporter Step Failed Exception]
	at atu.testng.reports.listeners.ATUReportsListener.onTestSuccess(Unknown Source)
... Removed 21 stack frames</pre></div><a href='#' onClick='toggleBox("stack-trace167693809", this, "Click to show all stack frames", "Click to hide stack frames")'>Click to show all stack frames</a>
<div class='stack-trace' id='stack-trace167693809'><pre>[ATU Custom Reporter Step Failed Exception]
	at atu.testng.reports.listeners.ATUReportsListener.onTestSuccess(Unknown Source)
	at org.testng.internal.Invoker.runTestListeners(Invoker.java:1899)
	at org.testng.internal.Invoker.runTestListeners(Invoker.java:1879)
	at org.testng.internal.Invoker.invokeMethod(Invoker.java:778)
	at org.testng.internal.Invoker.invokeTestMethod(Invoker.java:901)
	at org.testng.internal.Invoker.invokeTestMethods(Invoker.java:1231)
	at org.testng.internal.TestMethodWorker.invokeTestMethods(TestMethodWorker.java:127)
	at org.testng.internal.TestMethodWorker.run(TestMethodWorker.java:111)
	at org.testng.TestRunner.privateRun(TestRunner.java:767)
	at org.testng.TestRunner.run(TestRunner.java:617)
	at org.testng.SuiteRunner.runTest(SuiteRunner.java:334)
	at org.testng.SuiteRunner.runSequentially(SuiteRunner.java:329)
	at org.testng.SuiteRunner.privateRun(SuiteRunner.java:291)
	at org.testng.SuiteRunner.run(SuiteRunner.java:240)
	at org.testng.SuiteRunnerWorker.runSuite(SuiteRunnerWorker.java:52)
	at org.testng.SuiteRunnerWorker.run(SuiteRunnerWorker.java:86)
	at org.testng.TestNG.runSuitesSequentially(TestNG.java:1224)
	at org.testng.TestNG.runSuitesLocally(TestNG.java:1149)
	at org.testng.TestNG.run(TestNG.java:1057)
	at org.testng.remote.RemoteTestNG.run(RemoteTestNG.java:111)
	at org.testng.remote.RemoteTestNG.initAndRun(RemoteTestNG.java:204)
	at org.testng.remote.RemoteTestNG.main(RemoteTestNG.java:175)
</pre></div></td>
<td>315</td>
<td>com.testhouse.TestScript.CustomerServices@42d3bd8b</td></tr>
</table><p>
<table width='100%' border='1' class='invocation-passed'>
<tr><td colspan='4' align='center'><b>PASSED TESTS</b></td></tr>
<tr><td><b>Test method</b></td>
<td width="30%"><b>Exception</b></td>
<td width="10%"><b>Time (seconds)</b></td>
<td><b>Instance</b></td>
</tr>
<tr>
<td title='com.testhouse.TestScript.CustomerServices.cSServiceAmend()'><b>cSServiceAmend</b><br>Test class: com.testhouse.TestScript.CustomerServices<br>Parameters: {Username=vvijayakumar, ReferenceNumber=DOVECU286338, NewAddress=New Address, NewName=RAGHAV, Client=IMMEDIATE MEDIA, Password=Testhouse@123}<br/>
<a href="#Output-880533231" onClick='toggleBox("Output-880533231", this, "Show output", "Hide output");'>Show output</a>

<a href="#Output-880533231" onClick="toggleAllBoxes();">Show all outputs</a>
<div class='log' id="Output-880533231">
STEP37<br/>
STEP38<br/>
STEP39<br/>
</div>
</td>
<td></td>
<td>193</td>
<td>com.testhouse.TestScript.CustomerServices@42d3bd8b</td></tr>
<tr>
<td title='com.testhouse.TestScript.CustomerBilling.customerBillingCheckDetails()'><b>customerBillingCheckDetails</b><br>Test class: com.testhouse.TestScript.CustomerBilling<br>Parameters: {Username=vvijayakumar, ReferenceNumber=DOVECU4794462, Password=Testhouse@123}<br/>
<a href="#Output-1479909053" onClick='toggleBox("Output-1479909053", this, "Show output", "Hide output");'>Show output</a>

<a href="#Output-1479909053" onClick="toggleAllBoxes();">Show all outputs</a>
<div class='log' id="Output-1479909053">
STEP5<br/>
STEP6<br/>
</div>
</td>
<td></td>
<td>137</td>
<td>com.testhouse.TestScript.CustomerBilling@1e67b872</td></tr>
<tr>
<td title='com.testhouse.TestScript.CustomerServices.customerServiceType1()'><b>customerServiceType1</b><br>Test class: com.testhouse.TestScript.CustomerServices<br>Parameters: {ExpiryDate=06, Address=DOVETAIL SERVICES 800 GUILLAT AVENUE KENT SCIENCE PARK, Title=Mr, Postcode=ME98GU, Card=Credit card, Brand=BBC SKY AT NIGHT, Firstname=Vish, PromotionName=CCPROM20-6, Username=vvijayakumar, CustomerName=Vishnu, Client=IMMEDIATE MEDIA, Card1=4444333322221111, Surname=Test, ExpiryYear=2018, Password=Testhouse@123}<br/>
<a href="#Output-1925352804" onClick='toggleBox("Output-1925352804", this, "Show output", "Hide output");'>Show output</a>

<a href="#Output-1925352804" onClick="toggleAllBoxes();">Show all outputs</a>
<div class='log' id="Output-1925352804">
STEP1<br/>
STEP2<br/>
STEP3<br/>
STEP4<br/>
</div>
</td>
<td></td>
<td>410</td>
<td>com.testhouse.TestScript.CustomerServices@42d3bd8b</td></tr>
<tr>
<td title='com.testhouse.TestScript.CustomerServices.customerServiceType4()'><b>customerServiceType4</b><br>Test class: com.testhouse.TestScript.CustomerServices<br>Parameters: {ExpiryDate=06, Address=DOVETAIL SERVICES 800 GUILLAT AVENUE KENT SCIENCE PARK, Title=Mr, Postcode=ME98GU, Card=Credit card, Brand=BBC SKY AT NIGHT, Firstname=Vish, PromotionName=PRODPROM21-6, Username=vvijayakumar, CustomerName=Vishnu, Client=IMMEDIATE MEDIA, Card1=4444333322221111, Surname=Test, ExpiryYear=2018, Password=Testhouse@123}<br/>
<a href="#Output-23076423" onClick='toggleBox("Output-23076423", this, "Show output", "Hide output");'>Show output</a>

<a href="#Output-23076423" onClick="toggleAllBoxes();">Show all outputs</a>
<div class='log' id="Output-23076423">
STEP13<br/>
STEP14<br/>
STEP15<br/>
STEP16<br/>
STEP17<br/>
</div>
</td>
<td></td>
<td>354</td>
<td>com.testhouse.TestScript.CustomerServices@42d3bd8b</td></tr>
<tr>
<td title='com.testhouse.TestScript.CustomerServices.customerServiceTypeSearch()'><b>customerServiceTypeSearch</b><br>Test class: com.testhouse.TestScript.CustomerServices<br>Parameters: {Email=someaddress@dovetail.com

, AddressLine=82 CASTLE STREET, FirstName=TESTER, CCNumber=4444333322221111, SortCode=111111, AccountNumber=11111111, Brand=BBC SKY AT NIGHT, CompanyName=Dovetail, CustomerReference=DOVECU4347472, Username=vvijayakumar, Country=United Kingdom, LastName=TEST, Client=IMMEDIATE MEDIA, PostCode=LE10 1DD, Password=Testhouse@123}<br/>
<a href="#Output-463381475" onClick='toggleBox("Output-463381475", this, "Show output", "Hide output");'>Show output</a>

<a href="#Output-463381475" onClick="toggleAllBoxes();">Show all outputs</a>
<div class='log' id="Output-463381475">
STEP18<br/>
STEP19<br/>
STEP20<br/>
STEP21<br/>
STEP22<br/>
STEP23<br/>
STEP24<br/>
STEP25<br/>
STEP26<br/>
STEP27<br/>
STEP28<br/>
</div>
</td>
<td></td>
<td>804</td>
<td>com.testhouse.TestScript.CustomerServices@42d3bd8b</td></tr>
</table><p>
<table width='100%' border='1' class='invocation-skipped'>
<tr><td colspan='4' align='center'><b>SKIPPED TESTS</b></td></tr>
<tr><td><b>Test method</b></td>
<td width="30%"><b>Exception</b></td>
<td width="10%"><b>Time (seconds)</b></td>
<td><b>Instance</b></td>
</tr>
<tr>
<td title='com.testhouse.TestScript.AccountAdmin.nonOptimisticStandardSchedule()'><b>nonOptimisticStandardSchedule</b><br>Test class: com.testhouse.TestScript.AccountAdmin</td>
<td><div><pre>java.lang.RuntimeException: java.lang.Exception: nonOptimisticStandardSchedule_START element is not found at column : 0
Caused by: java.lang.Exception: nonOptimisticStandardSchedule_START element is not found at column : 0
	at automation_home.ddf.abstractwrapper.AbstractExcelWrapper.getRowIndexForStartEndElement(AbstractExcelWrapper.java:136)
	at automation_home.ddf.wrapperimpl.ExcelWrapper.retrieveTestData(ExcelWrapper.java:48)
	at com.testhouse.TestScript.AccountAdmin.databinding(AccountAdmin.java:120)
	... 20 more
... Removed 27 stack frames</pre></div><a href='#' onClick='toggleBox("stack-trace1713546896", this, "Click to show all stack frames", "Click to hide stack frames")'>Click to show all stack frames</a>
<div class='stack-trace' id='stack-trace1713546896'><pre>java.lang.RuntimeException: java.lang.Exception: nonOptimisticStandardSchedule_START element is not found at column : 0
	at org.testng.internal.MethodInvocationHelper.invokeDataProvider(MethodInvocationHelper.java:161)
	at org.testng.internal.Parameters.handleParameters(Parameters.java:429)
	at org.testng.internal.Invoker.handleParameters(Invoker.java:1383)
	at org.testng.internal.Invoker.createParameters(Invoker.java:1075)
	at org.testng.internal.Invoker.invokeTestMethods(Invoker.java:1180)
	at org.testng.internal.TestMethodWorker.invokeTestMethods(TestMethodWorker.java:127)
	at org.testng.internal.TestMethodWorker.run(TestMethodWorker.java:111)
	at org.testng.TestRunner.privateRun(TestRunner.java:767)
	at org.testng.TestRunner.run(TestRunner.java:617)
	at org.testng.SuiteRunner.runTest(SuiteRunner.java:334)
	at org.testng.SuiteRunner.runSequentially(SuiteRunner.java:329)
	at org.testng.SuiteRunner.privateRun(SuiteRunner.java:291)
	at org.testng.SuiteRunner.run(SuiteRunner.java:240)
	at org.testng.SuiteRunnerWorker.runSuite(SuiteRunnerWorker.java:52)
	at org.testng.SuiteRunnerWorker.run(SuiteRunnerWorker.java:86)
	at org.testng.TestNG.runSuitesSequentially(TestNG.java:1224)
	at org.testng.TestNG.runSuitesLocally(TestNG.java:1149)
	at org.testng.TestNG.run(TestNG.java:1057)
	at org.testng.remote.RemoteTestNG.run(RemoteTestNG.java:111)
	at org.testng.remote.RemoteTestNG.initAndRun(RemoteTestNG.java:204)
	at org.testng.remote.RemoteTestNG.main(RemoteTestNG.java:175)
Caused by: java.lang.Exception: nonOptimisticStandardSchedule_START element is not found at column : 0
	at automation_home.ddf.abstractwrapper.AbstractExcelWrapper.getRowIndexForStartEndElement(AbstractExcelWrapper.java:136)
	at automation_home.ddf.wrapperimpl.ExcelWrapper.retrieveTestData(ExcelWrapper.java:48)
	at com.testhouse.TestScript.AccountAdmin.databinding(AccountAdmin.java:120)
	at sun.reflect.NativeMethodAccessorImpl.invoke0(Native Method)
	at sun.reflect.NativeMethodAccessorImpl.invoke(Unknown Source)
	at sun.reflect.DelegatingMethodAccessorImpl.invoke(Unknown Source)
	at java.lang.reflect.Method.invoke(Unknown Source)
	at org.testng.internal.MethodInvocationHelper.invokeMethod(MethodInvocationHelper.java:84)
	at org.testng.internal.MethodInvocationHelper.invokeDataProvider(MethodInvocationHelper.java:135)
	... 20 more
</pre></div></td>
<td>0</td>
<td>com.testhouse.TestScript.AccountAdmin@5d624da6</td></tr>
<tr>
<td title='com.testhouse.TestScript.AccountAdmin.optimisticStandardSchedule()'><b>optimisticStandardSchedule</b><br>Test class: com.testhouse.TestScript.AccountAdmin</td>
<td><div><pre>java.lang.RuntimeException: java.lang.Exception: optimisticStandardSchedule_START element is not found at column : 0
Caused by: java.lang.Exception: optimisticStandardSchedule_START element is not found at column : 0
	at automation_home.ddf.abstractwrapper.AbstractExcelWrapper.getRowIndexForStartEndElement(AbstractExcelWrapper.java:136)
	at automation_home.ddf.wrapperimpl.ExcelWrapper.retrieveTestData(ExcelWrapper.java:48)
	at com.testhouse.TestScript.AccountAdmin.databinding(AccountAdmin.java:120)
	... 20 more
... Removed 27 stack frames</pre></div><a href='#' onClick='toggleBox("stack-trace817490653", this, "Click to show all stack frames", "Click to hide stack frames")'>Click to show all stack frames</a>
<div class='stack-trace' id='stack-trace817490653'><pre>java.lang.RuntimeException: java.lang.Exception: optimisticStandardSchedule_START element is not found at column : 0
	at org.testng.internal.MethodInvocationHelper.invokeDataProvider(MethodInvocationHelper.java:161)
	at org.testng.internal.Parameters.handleParameters(Parameters.java:429)
	at org.testng.internal.Invoker.handleParameters(Invoker.java:1383)
	at org.testng.internal.Invoker.createParameters(Invoker.java:1075)
	at org.testng.internal.Invoker.invokeTestMethods(Invoker.java:1180)
	at org.testng.internal.TestMethodWorker.invokeTestMethods(TestMethodWorker.java:127)
	at org.testng.internal.TestMethodWorker.run(TestMethodWorker.java:111)
	at org.testng.TestRunner.privateRun(TestRunner.java:767)
	at org.testng.TestRunner.run(TestRunner.java:617)
	at org.testng.SuiteRunner.runTest(SuiteRunner.java:334)
	at org.testng.SuiteRunner.runSequentially(SuiteRunner.java:329)
	at org.testng.SuiteRunner.privateRun(SuiteRunner.java:291)
	at org.testng.SuiteRunner.run(SuiteRunner.java:240)
	at org.testng.SuiteRunnerWorker.runSuite(SuiteRunnerWorker.java:52)
	at org.testng.SuiteRunnerWorker.run(SuiteRunnerWorker.java:86)
	at org.testng.TestNG.runSuitesSequentially(TestNG.java:1224)
	at org.testng.TestNG.runSuitesLocally(TestNG.java:1149)
	at org.testng.TestNG.run(TestNG.java:1057)
	at org.testng.remote.RemoteTestNG.run(RemoteTestNG.java:111)
	at org.testng.remote.RemoteTestNG.initAndRun(RemoteTestNG.java:204)
	at org.testng.remote.RemoteTestNG.main(RemoteTestNG.java:175)
Caused by: java.lang.Exception: optimisticStandardSchedule_START element is not found at column : 0
	at automation_home.ddf.abstractwrapper.AbstractExcelWrapper.getRowIndexForStartEndElement(AbstractExcelWrapper.java:136)
	at automation_home.ddf.wrapperimpl.ExcelWrapper.retrieveTestData(ExcelWrapper.java:48)
	at com.testhouse.TestScript.AccountAdmin.databinding(AccountAdmin.java:120)
	at sun.reflect.NativeMethodAccessorImpl.invoke0(Native Method)
	at sun.reflect.NativeMethodAccessorImpl.invoke(Unknown Source)
	at sun.reflect.DelegatingMethodAccessorImpl.invoke(Unknown Source)
	at java.lang.reflect.Method.invoke(Unknown Source)
	at org.testng.internal.MethodInvocationHelper.invokeMethod(MethodInvocationHelper.java:84)
	at org.testng.internal.MethodInvocationHelper.invokeDataProvider(MethodInvocationHelper.java:135)
	... 20 more
</pre></div></td>
<td>1</td>
<td>com.testhouse.TestScript.AccountAdmin@5d624da6</td></tr>
</table><p>
</body>
</html>