<?xml version="1.0" encoding="UTF-8"?>
<!-- Generated by org.testng.reporters.JUnitXMLReporter -->
<testsuite hostname="THSVM10028" name="FFTest" tests="11" failures="4" timestamp="30 Jun 2016 13:45:43 GMT" time="3252.215" errors="0">
  <testcase name="optimisticStandardSchedule" time="1.29" classname="com.testhouse.TestScript.AccountAdmin">
    <skipped/>
  </testcase> <!-- optimisticStandardSchedule -->
  <testcase name="customerServiceType1" time="410.018" classname="com.testhouse.TestScript.CustomerServices"/>
  <testcase name="customerBillingCheckDetails" time="137.588" classname="com.testhouse.TestScript.CustomerBilling"/>
  <testcase name="nonOptimisticStandardSchedule" time="0.717" classname="com.testhouse.TestScript.AccountAdmin">
    <skipped/>
  </testcase> <!-- nonOptimisticStandardSchedule -->
  <testcase name="customerServiceType2" time="241.792" classname="com.testhouse.TestScript.CustomerServices">
    <failure type="atu.testng.reports.exceptions.ATUReporterStepFailedException">
      <![CDATA[[ATU Custom Reporter Step Failed Exception]
	at atu.testng.reports.listeners.ATUReportsListener.onTestSuccess(Unknown Source)
... Removed 21 stack frames]]>
    </failure>
  </testcase> <!-- customerServiceType2 -->
  <testcase name="customerServiceType3" time="229.066" classname="com.testhouse.TestScript.CustomerServices">
    <failure type="atu.testng.reports.exceptions.ATUReporterStepFailedException">
      <![CDATA[[ATU Custom Reporter Step Failed Exception]
	at atu.testng.reports.listeners.ATUReportsListener.onTestSuccess(Unknown Source)
... Removed 21 stack frames]]>
    </failure>
  </testcase> <!-- customerServiceType3 -->
  <testcase name="customerServiceType4" time="354.977" classname="com.testhouse.TestScript.CustomerServices"/>
  <testcase name="customerServiceTypeSearch" time="804.399" classname="com.testhouse.TestScript.CustomerServices"/>
  <testcase name="customerServiceType5" time="394.301" classname="com.testhouse.TestScript.CustomerServices">
    <failure type="atu.testng.reports.exceptions.ATUReporterStepFailedException">
      <![CDATA[[ATU Custom Reporter Step Failed Exception]
	at atu.testng.reports.listeners.ATUReportsListener.onTestSuccess(Unknown Source)
... Removed 21 stack frames]]>
    </failure>
  </testcase> <!-- customerServiceType5 -->
  <testcase name="customerServiceType6" time="315.332" classname="com.testhouse.TestScript.CustomerServices">
    <failure type="atu.testng.reports.exceptions.ATUReporterStepFailedException">
      <![CDATA[[ATU Custom Reporter Step Failed Exception]
	at atu.testng.reports.listeners.ATUReportsListener.onTestSuccess(Unknown Source)
... Removed 21 stack frames]]>
    </failure>
  </testcase> <!-- customerServiceType6 -->
  <testcase name="cSServiceAmend" time="193.298" classname="com.testhouse.TestScript.CustomerServices"/>
</testsuite> <!-- FFTest -->
