<!DOCTYPE html PUBLIC "-//W3C//DTD XHTML 1.1//EN" "http://www.w3.org/TR/xhtml11/DTD/xhtml11.dtd">
<html xmlns="http://www.w3.org/1999/xhtml"><head><title>TestNG Report</title><style type="text/css">table {margin-bottom:10px;border-collapse:collapse;empty-cells:show}th,td {border:1px solid #009;padding:.25em .5em}th {vertical-align:bottom}td {vertical-align:top}table a {font-weight:bold}.stripe td {background-color: #E6EBF9}.num {text-align:right}.passedodd td {background-color: #3F3}.passedeven td {background-color: #0A0}.skippedodd td {background-color: #DDD}.skippedeven td {background-color: #CCC}.failedodd td,.attn {background-color: #F33}.failedeven td,.stripe .attn {background-color: #D00}.stacktrace {white-space:pre;font-family:monospace}.totop {font-size:85%;text-align:center;border-bottom:2px solid #000}</style></head><body><table><tr><th>Test</th><th># Passed</th><th># Skipped</th><th># Failed</th><th>Time (ms)</th><th>Included Groups</th><th>Excluded Groups</th></tr><tr><th colspan="7">Suite</th></tr><tr><td><a href="#t0">FFTest</a></td><td class="num">5</td><td class="num">0</td><td class="num attn">6</td><td class="num">3,252,215</td><td></td><td></td></tr></table><table><thead><tr><th>Class</th><th>Method</th><th>Start</th><th>Time (ms)</th></tr></thead><tbody><tr><th colspan="4">Suite</th></tr></tbody><tbody id="t0"><tr><th colspan="4">FFTest &#8212; failed</th></tr><tr class="failedeven"><td rowspan="2">com.testhouse.TestScript.AccountAdmin</td><td><a href="#m0">nonOptimisticStandardSchedule</a></td><td rowspan="1">1467291680509</td><td rowspan="1">0</td></tr><tr class="failedeven"><td><a href="#m1">optimisticStandardSchedule</a></td><td rowspan="1">1467291093061</td><td rowspan="1">0</td></tr><tr class="failedodd"><td rowspan="4">com.testhouse.TestScript.CustomerServices</td><td><a href="#m2">customerServiceType2</a></td><td rowspan="1">1467291694780</td><td rowspan="1">241792</td></tr><tr class="failedodd"><td><a href="#m3">customerServiceType3</a></td><td rowspan="1">1467291955003</td><td rowspan="1">229066</td></tr><tr class="failedodd"><td><a href="#m4">customerServiceType5</a></td><td rowspan="1">1467293399765</td><td rowspan="1">394301</td></tr><tr class="failedodd"><td><a href="#m5">customerServiceType6</a></td><td rowspan="1">1467293812415</td><td rowspan="1">315332</td></tr><tr><th colspan="4">FFTest &#8212; passed</th></tr><tr class="passedeven"><td rowspan="1">com.testhouse.TestScript.CustomerBilling</td><td><a href="#m6">customerBillingCheckDetails</a></td><td rowspan="1">1467291537914</td><td rowspan="1">137588</td></tr><tr class="passedodd"><td rowspan="4">com.testhouse.TestScript.CustomerServices</td><td><a href="#m7">cSServiceAmend</a></td><td rowspan="1">1467294145451</td><td rowspan="1">193298</td></tr><tr class="passedodd"><td><a href="#m8">customerServiceType1</a></td><td rowspan="1">1467291108588</td><td rowspan="1">410018</td></tr><tr class="passedodd"><td><a href="#m9">customerServiceType4</a></td><td rowspan="1">1467292202163</td><td rowspan="1">354977</td></tr><tr class="passedodd"><td><a href="#m10">customerServiceTypeSearch</a></td><td rowspan="1">1467292577490</td><td rowspan="1">804399</td></tr></tbody></table><h2>FFTest</h2><h3 id="m0">com.testhouse.TestScript.AccountAdmin#nonOptimisticStandardSchedule</h3><table class="result"><tr><th>Exception</th></tr><tr><td><div class="stacktrace">java.lang.RuntimeException: java.lang.Exception: nonOptimisticStandardSchedule_START element is not found at column : 0
Caused by: java.lang.Exception: nonOptimisticStandardSchedule_START element is not found at column : 0
	at automation_home.ddf.abstractwrapper.AbstractExcelWrapper.getRowIndexForStartEndElement(AbstractExcelWrapper.java:136)
	at automation_home.ddf.wrapperimpl.ExcelWrapper.retrieveTestData(ExcelWrapper.java:48)
	at com.testhouse.TestScript.AccountAdmin.databinding(AccountAdmin.java:120)
	... 20 more
... Removed 27 stack frames</div></td></tr></table><p class="totop"><a href="#summary">back to summary</a></p><h3 id="m1">com.testhouse.TestScript.AccountAdmin#optimisticStandardSchedule</h3><table class="result"><tr><th>Exception</th></tr><tr><td><div class="stacktrace">java.lang.RuntimeException: java.lang.Exception: optimisticStandardSchedule_START element is not found at column : 0
Caused by: java.lang.Exception: optimisticStandardSchedule_START element is not found at column : 0
	at automation_home.ddf.abstractwrapper.AbstractExcelWrapper.getRowIndexForStartEndElement(AbstractExcelWrapper.java:136)
	at automation_home.ddf.wrapperimpl.ExcelWrapper.retrieveTestData(ExcelWrapper.java:48)
	at com.testhouse.TestScript.AccountAdmin.databinding(AccountAdmin.java:120)
	... 20 more
... Removed 27 stack frames</div></td></tr></table><p class="totop"><a href="#summary">back to summary</a></p><h3 id="m2">com.testhouse.TestScript.CustomerServices#customerServiceType2</h3><table class="result"><tr class="param"><th>Parameter #1</th></tr><tr class="param stripe"><td>{Address=DOVETAIL SERVICES 800 GUILLAT AVENUE KENT SCIENCE PARK, Title=Mr, SortCode=111111, Postcode=ME98GU, Card=Direct Debit, Brand=BBC SKY AT NIGHT, Firstname=Vish, AccNumber=11111111, PromotionName=PRO20-6, Username=vvijayakumar, AccHolderName=Vishnu, Client=IMMEDIATE MEDIA, Surname=Test, Password=Testhouse@123}</td></tr><tr><th>Messages</th></tr><tr><td><div class="messages">STEP7<br/>STEP8<br/>STEP9</div></td></tr><tr><th>Exception</th></tr><tr><td><div class="stacktrace">[ATU Custom Reporter Step Failed Exception]
	at atu.testng.reports.listeners.ATUReportsListener.onTestSuccess(Unknown Source)
... Removed 21 stack frames</div></td></tr></table><p class="totop"><a href="#summary">back to summary</a></p><h3 id="m3">com.testhouse.TestScript.CustomerServices#customerServiceType3</h3><table class="result"><tr class="param"><th>Parameter #1</th></tr><tr class="param stripe"><td>{ExpiryDate=06, Address=DOVETAIL SERVICES 800 GUILLAT AVENUE KENT SCIENCE PARK, GTitle=Mr, Title=Mr, Postcode=ME98GU, GSurname=Test, GAddress=DOVETAIL SERVICES 800 GUILLAT AVENUE KENT SCIENCE PARK, Card=Credit card, GPostcode=ME98GU, Brand=BBC SKY AT NIGHT, Firstname=Vish, PromotionName=CCPROM20-6, Username=vvijayakumar, CustomerName=Vishnu, Client=IMMEDIATE MEDIA, Card1=4444333322221111, Surname=Test, GFirstname=Vish, ExpiryYear=2018, Password=Testhouse@123}</td></tr><tr><th>Messages</th></tr><tr><td><div class="messages">STEP10<br/>STEP11<br/>STEP12</div></td></tr><tr><th>Exception</th></tr><tr><td><div class="stacktrace">[ATU Custom Reporter Step Failed Exception]
	at atu.testng.reports.listeners.ATUReportsListener.onTestSuccess(Unknown Source)
... Removed 21 stack frames</div></td></tr></table><p class="totop"><a href="#summary">back to summary</a></p><h3 id="m4">com.testhouse.TestScript.CustomerServices#customerServiceType5</h3><table class="result"><tr class="param"><th>Parameter #1</th></tr><tr class="param stripe"><td>{Address=DOVETAIL SERVICES 800 GUILLAT AVENUE KENT SCIENCE PARK, GTitle=Mr, Title=Mr, SortCode=111111, Postcode=ME98GU, GSurname=Test, GAddress=DOVETAIL SERVICES 800 GUILLAT AVENUE KENT SCIENCE PARK, Card=Direct Debit, GPostcode=ME98GU, Brand=BBC SKY AT NIGHT, Firstname=Vish, AccNumber=11111111, PromotionName=PRO20-6, Username=vvijayakumar, AccHolderName=Vishnu, Client=IMMEDIATE MEDIA, Surname=Test, GFirstname=Vish, Password=Testhouse@123}</td></tr><tr><th>Messages</th></tr><tr><td><div class="messages">STEP29<br/>STEP30<br/>STEP31<br/>STEP32</div></td></tr><tr><th>Exception</th></tr><tr><td><div class="stacktrace">[ATU Custom Reporter Step Failed Exception]
	at atu.testng.reports.listeners.ATUReportsListener.onTestSuccess(Unknown Source)
... Removed 21 stack frames</div></td></tr></table><p class="totop"><a href="#summary">back to summary</a></p><h3 id="m5">com.testhouse.TestScript.CustomerServices#customerServiceType6</h3><table class="result"><tr class="param"><th>Parameter #1</th></tr><tr class="param stripe"><td>{Brand=BBC SKY AT NIGHT, Firstname=Vish, PromotionName=FREEPRO20-6, Address=DOVETAIL SERVICES 800 GUILLAT AVENUE KENT SCIENCE PARK, Username=vvijayakumar, Title=Mr, Client=IMMEDIATE MEDIA, Surname=Test, Postcode=ME98GU, Password=Testhouse@123, Card=Free}</td></tr><tr><th>Messages</th></tr><tr><td><div class="messages">STEP33<br/>STEP34<br/>STEP35<br/>STEP36</div></td></tr><tr><th>Exception</th></tr><tr><td><div class="stacktrace">[ATU Custom Reporter Step Failed Exception]
	at atu.testng.reports.listeners.ATUReportsListener.onTestSuccess(Unknown Source)
... Removed 21 stack frames</div></td></tr></table><p class="totop"><a href="#summary">back to summary</a></p><h3 id="m6">com.testhouse.TestScript.CustomerBilling#customerBillingCheckDetails</h3><table class="result"><tr class="param"><th>Parameter #1</th></tr><tr class="param stripe"><td>{Username=vvijayakumar, ReferenceNumber=DOVECU4794462, Password=Testhouse@123}</td></tr><tr><th>Messages</th></tr><tr><td><div class="messages">STEP5<br/>STEP6</div></td></tr></table><p class="totop"><a href="#summary">back to summary</a></p><h3 id="m7">com.testhouse.TestScript.CustomerServices#cSServiceAmend</h3><table class="result"><tr class="param"><th>Parameter #1</th></tr><tr class="param stripe"><td>{Username=vvijayakumar, ReferenceNumber=DOVECU286338, NewAddress=New Address, NewName=RAGHAV, Client=IMMEDIATE MEDIA, Password=Testhouse@123}</td></tr><tr><th>Messages</th></tr><tr><td><div class="messages">STEP37<br/>STEP38<br/>STEP39</div></td></tr></table><p class="totop"><a href="#summary">back to summary</a></p><h3 id="m8">com.testhouse.TestScript.CustomerServices#customerServiceType1</h3><table class="result"><tr class="param"><th>Parameter #1</th></tr><tr class="param stripe"><td>{ExpiryDate=06, Address=DOVETAIL SERVICES 800 GUILLAT AVENUE KENT SCIENCE PARK, Title=Mr, Postcode=ME98GU, Card=Credit card, Brand=BBC SKY AT NIGHT, Firstname=Vish, PromotionName=CCPROM20-6, Username=vvijayakumar, CustomerName=Vishnu, Client=IMMEDIATE MEDIA, Card1=4444333322221111, Surname=Test, ExpiryYear=2018, Password=Testhouse@123}</td></tr><tr><th>Messages</th></tr><tr><td><div class="messages">STEP1<br/>STEP2<br/>STEP3<br/>STEP4</div></td></tr></table><p class="totop"><a href="#summary">back to summary</a></p><h3 id="m9">com.testhouse.TestScript.CustomerServices#customerServiceType4</h3><table class="result"><tr class="param"><th>Parameter #1</th></tr><tr class="param stripe"><td>{ExpiryDate=06, Address=DOVETAIL SERVICES 800 GUILLAT AVENUE KENT SCIENCE PARK, Title=Mr, Postcode=ME98GU, Card=Credit card, Brand=BBC SKY AT NIGHT, Firstname=Vish, PromotionName=PRODPROM21-6, Username=vvijayakumar, CustomerName=Vishnu, Client=IMMEDIATE MEDIA, Card1=4444333322221111, Surname=Test, ExpiryYear=2018, Password=Testhouse@123}</td></tr><tr><th>Messages</th></tr><tr><td><div class="messages">STEP13<br/>STEP14<br/>STEP15<br/>STEP16<br/>STEP17</div></td></tr></table><p class="totop"><a href="#summary">back to summary</a></p><h3 id="m10">com.testhouse.TestScript.CustomerServices#customerServiceTypeSearch</h3><table class="result"><tr class="param"><th>Parameter #1</th></tr><tr class="param stripe"><td>{Email=someaddress@dovetail.com

, AddressLine=82 CASTLE STREET, FirstName=TESTER, CCNumber=4444333322221111, SortCode=111111, AccountNumber=11111111, Brand=BBC SKY AT NIGHT, CompanyName=Dovetail, CustomerReference=DOVECU4347472, Username=vvijayakumar, Country=United Kingdom, LastName=TEST, Client=IMMEDIATE MEDIA, PostCode=LE10 1DD, Password=Testhouse@123}</td></tr><tr><th>Messages</th></tr><tr><td><div class="messages">STEP18<br/>STEP19<br/>STEP20<br/>STEP21<br/>STEP22<br/>STEP23<br/>STEP24<br/>STEP25<br/>STEP26<br/>STEP27<br/>STEP28</div></td></tr></table><p class="totop"><a href="#summary">back to summary</a></p></body></html>